<?xml version="1.0" encoding="UTF-8"?>
<!-- Generated by org.testng.reporters.JUnitXMLReporter -->
<testsuite hostname="DESKTOP-E1E9EHH" ignored="0" name="Default test" tests="3" failures="0" timestamp="29 Sep 2019 19:16:01 GMT" time="20.988" errors="0">
  <testcase name="openurl" time="1.955" classname="gradledemo.Practicetest01"/>
  <testcase name="clickurl" time="5.662" classname="gradledemo.Practicetest01"/>
  <testcase name="clickonelement" time="8.008" classname="gradledemo.Practicetest01"/>
</testsuite> <!-- Default test -->
