<?xml version="1.0" encoding="UTF-8"?>
<testng-results skipped="0" failed="0" ignored="0" total="4" passed="4">
  <reporter-output>
  </reporter-output>
  <suite name="Suite" duration-ms="27194" started-at="2019-09-29T19:20:42Z" finished-at="2019-09-29T19:21:09Z">
    <groups>
    </groups>
    <test name="Test" duration-ms="27194" started-at="2019-09-29T19:20:42Z" finished-at="2019-09-29T19:21:09Z">
      <class name="gradledemo.Gradledemoclass">
        <test-method status="PASS" signature="launchbrowser()[pri:0, instance:gradledemo.Gradledemoclass@86ef470]" name="launchbrowser" is-config="true" duration-ms="4706" started-at="2019-09-29T19:20:42Z" description="launching of browser" finished-at="2019-09-29T19:20:46Z">
          <reporter-output>
          </reporter-output>
        </test-method> <!-- launchbrowser -->
        <test-method status="PASS" signature="launchbrowser()[pri:0, instance:gradledemo.Practicetest01@7f37593e]" name="launchbrowser" is-config="true" duration-ms="3612" started-at="2019-09-29T19:20:46Z" description="launching of browser" finished-at="2019-09-29T19:20:50Z">
          <reporter-output>
          </reporter-output>
        </test-method> <!-- launchbrowser -->
        <test-method status="PASS" signature="openurl()[pri:1, instance:gradledemo.Gradledemoclass@86ef470]" name="openurl" duration-ms="2086" started-at="2019-09-29T19:20:50Z" description="open the url" finished-at="2019-09-29T19:20:52Z">
          <reporter-output>
          </reporter-output>
        </test-method> <!-- openurl -->
        <test-method status="PASS" signature="close()[pri:0, instance:gradledemo.Gradledemoclass@86ef470]" name="close" is-config="true" duration-ms="655" started-at="2019-09-29T19:21:08Z" description="close the browser" finished-at="2019-09-29T19:21:08Z">
          <reporter-output>
          </reporter-output>
        </test-method> <!-- close -->
        <test-method status="PASS" signature="close()[pri:0, instance:gradledemo.Practicetest01@7f37593e]" name="close" is-config="true" duration-ms="708" started-at="2019-09-29T19:21:08Z" finished-at="2019-09-29T19:21:09Z">
          <reporter-output>
          </reporter-output>
        </test-method> <!-- close -->
      </class> <!-- gradledemo.Gradledemoclass -->
      <class name="gradledemo.Practicetest01">
        <test-method status="PASS" signature="openurl()[pri:1, instance:gradledemo.Practicetest01@7f37593e]" name="openurl" duration-ms="1833" started-at="2019-09-29T19:20:52Z" description="open the url" finished-at="2019-09-29T19:20:54Z">
          <reporter-output>
          </reporter-output>
        </test-method> <!-- openurl -->
        <test-method status="PASS" signature="clickurl()[pri:2, instance:gradledemo.Practicetest01@7f37593e]" name="clickurl" duration-ms="5729" started-at="2019-09-29T19:20:54Z" description="search of testing " finished-at="2019-09-29T19:21:00Z">
          <reporter-output>
          </reporter-output>
        </test-method> <!-- clickurl -->
        <test-method status="PASS" signature="clickonelement()[pri:3, instance:gradledemo.Practicetest01@7f37593e]" name="clickonelement" duration-ms="7833" started-at="2019-09-29T19:21:00Z" description="click on testing definition" finished-at="2019-09-29T19:21:08Z">
          <reporter-output>
          </reporter-output>
        </test-method> <!-- clickonelement -->
      </class> <!-- gradledemo.Practicetest01 -->
    </test> <!-- Test -->
  </suite> <!-- Suite -->
</testng-results>
