<?xml version="1.0" encoding="UTF-8"?>
<testng-results skipped="0" failed="0" ignored="0" total="4" passed="4">
  <reporter-output>
  </reporter-output>
  <suite name="Suite" duration-ms="43249" started-at="2020-02-18T13:23:04Z" finished-at="2020-02-18T13:23:47Z">
    <groups>
    </groups>
    <test name="Test" duration-ms="43249" started-at="2020-02-18T13:23:04Z" finished-at="2020-02-18T13:23:47Z">
      <class name="gradledemo.Gradledemoclass">
        <test-method status="PASS" signature="launchbrowser()[pri:0, instance:gradledemo.Gradledemoclass@805af38]" name="launchbrowser" is-config="true" duration-ms="12458" started-at="2020-02-18T13:23:04Z" description="launching of browser" finished-at="2020-02-18T13:23:16Z">
          <reporter-output>
          </reporter-output>
        </test-method> <!-- launchbrowser -->
        <test-method status="PASS" signature="launchbrowser()[pri:0, instance:gradledemo.Practicetest01@60fec16d]" name="launchbrowser" is-config="true" duration-ms="9813" started-at="2020-02-18T13:23:16Z" description="launching of browser" finished-at="2020-02-18T13:23:26Z">
          <reporter-output>
          </reporter-output>
        </test-method> <!-- launchbrowser -->
        <test-method status="PASS" signature="openurl()[pri:1, instance:gradledemo.Gradledemoclass@805af38]" name="openurl" duration-ms="1979" started-at="2020-02-18T13:23:26Z" description="open the url" finished-at="2020-02-18T13:23:28Z">
          <reporter-output>
          </reporter-output>
        </test-method> <!-- openurl -->
        <test-method status="PASS" signature="close()[pri:0, instance:gradledemo.Gradledemoclass@805af38]" name="close" is-config="true" duration-ms="770" started-at="2020-02-18T13:23:45Z" description="close the browser" finished-at="2020-02-18T13:23:46Z">
          <reporter-output>
          </reporter-output>
        </test-method> <!-- close -->
        <test-method status="PASS" signature="close()[pri:0, instance:gradledemo.Practicetest01@60fec16d]" name="close" is-config="true" duration-ms="757" started-at="2020-02-18T13:23:46Z" finished-at="2020-02-18T13:23:47Z">
          <reporter-output>
          </reporter-output>
        </test-method> <!-- close -->
      </class> <!-- gradledemo.Gradledemoclass -->
      <class name="gradledemo.Practicetest01">
        <test-method status="PASS" signature="openurl()[pri:1, instance:gradledemo.Practicetest01@60fec16d]" name="openurl" duration-ms="1980" started-at="2020-02-18T13:23:28Z" description="open the url" finished-at="2020-02-18T13:23:30Z">
          <reporter-output>
          </reporter-output>
        </test-method> <!-- openurl -->
        <test-method status="PASS" signature="clickurl()[pri:2, instance:gradledemo.Practicetest01@60fec16d]" name="clickurl" duration-ms="5970" started-at="2020-02-18T13:23:30Z" description="search of testing " finished-at="2020-02-18T13:23:36Z">
          <reporter-output>
          </reporter-output>
        </test-method> <!-- clickurl -->
        <test-method status="PASS" signature="clickonelement()[pri:3, instance:gradledemo.Practicetest01@60fec16d]" name="clickonelement" duration-ms="9404" started-at="2020-02-18T13:23:36Z" description="click on testing definition" finished-at="2020-02-18T13:23:45Z">
          <reporter-output>
          </reporter-output>
        </test-method> <!-- clickonelement -->
      </class> <!-- gradledemo.Practicetest01 -->
    </test> <!-- Test -->
  </suite> <!-- Suite -->
</testng-results>
