<?xml version="1.0" encoding="UTF-8"?>
<testng-results skipped="0" failed="0" ignored="0" total="1" passed="1">
  <reporter-output>
  </reporter-output>
  <suite name="Default suite" duration-ms="22497" started-at="2019-10-18T19:47:02Z" finished-at="2019-10-18T19:47:24Z">
    <groups>
    </groups>
    <test name="Default test" duration-ms="22497" started-at="2019-10-18T19:47:02Z" finished-at="2019-10-18T19:47:24Z">
      <class name="javaconcepts.WorkonAotherwindow">
        <test-method status="PASS" signature="launchbrowser()[pri:0, instance:javaconcepts.WorkonAotherwindow@3f49dace]" name="launchbrowser" is-config="true" duration-ms="7710" started-at="2019-10-18T19:47:02Z" description="launching of browser" finished-at="2019-10-18T19:47:09Z">
          <reporter-output>
          </reporter-output>
        </test-method> <!-- launchbrowser -->
        <test-method status="PASS" signature="openurlandlogin()[pri:1, instance:javaconcepts.WorkonAotherwindow@3f49dace]" name="openurlandlogin" duration-ms="14751" started-at="2019-10-18T19:47:09Z" description="open the url and switch to another window" finished-at="2019-10-18T19:47:24Z">
          <reporter-output>
          </reporter-output>
        </test-method> <!-- openurlandlogin -->
      </class> <!-- javaconcepts.WorkonAotherwindow -->
    </test> <!-- Default test -->
  </suite> <!-- Default suite -->
</testng-results>
